c:\users\ivann\source\repos\prototype_model\prototype_model\x64\debug\vc143.pdb
c:\users\ivann\source\repos\prototype_model\prototype_model\x64\debug\.netframework,version=v4.8.assemblyattributes.obj
c:\users\ivann\source\repos\prototype_model\prototype_model\x64\debug\mymainmenu.obj
c:\users\ivann\source\repos\prototype_model\prototype_model\x64\debug\myform.obj
c:\users\ivann\source\repos\prototype_model\prototype_model\x64\debug\individual_task.obj
c:\users\ivann\source\repos\prototype_model\prototype_model\x64\debug\edittask.obj
c:\users\ivann\source\repos\prototype_model\prototype_model\x64\debug\databasehandler.obj
c:\users\ivann\source\repos\prototype_model\x64\debug\prototype_model.exe
c:\users\ivann\source\repos\prototype_model\x64\debug\prototype_model.pdb
c:\users\ivann\source\repos\prototype_model\prototype_model\x64\debug\prototype_model.tlog\cl.command.1.tlog
c:\users\ivann\source\repos\prototype_model\prototype_model\x64\debug\prototype_model.tlog\cl.items.tlog
c:\users\ivann\source\repos\prototype_model\prototype_model\x64\debug\prototype_model.tlog\cl.read.1.tlog
c:\users\ivann\source\repos\prototype_model\prototype_model\x64\debug\prototype_model.tlog\cl.write.1.tlog
c:\users\ivann\source\repos\prototype_model\prototype_model\x64\debug\prototype_model.tlog\link.18520-cvtres.read.1.tlog
c:\users\ivann\source\repos\prototype_model\prototype_model\x64\debug\prototype_model.tlog\link.18520-cvtres.write.1.tlog
c:\users\ivann\source\repos\prototype_model\prototype_model\x64\debug\prototype_model.tlog\link.18520-rc.read.1.tlog
c:\users\ivann\source\repos\prototype_model\prototype_model\x64\debug\prototype_model.tlog\link.18520-rc.write.1.tlog
c:\users\ivann\source\repos\prototype_model\prototype_model\x64\debug\prototype_model.tlog\link.18520.read.1.tlog
c:\users\ivann\source\repos\prototype_model\prototype_model\x64\debug\prototype_model.tlog\link.18520.read.2.tlog
c:\users\ivann\source\repos\prototype_model\prototype_model\x64\debug\prototype_model.tlog\link.18520.write.1.tlog
c:\users\ivann\source\repos\prototype_model\prototype_model\x64\debug\prototype_model.tlog\link.command.1.tlog
c:\users\ivann\source\repos\prototype_model\prototype_model\x64\debug\prototype_model.tlog\link.read.1.tlog
c:\users\ivann\source\repos\prototype_model\prototype_model\x64\debug\prototype_model.tlog\link.read.2.tlog
c:\users\ivann\source\repos\prototype_model\prototype_model\x64\debug\prototype_model.tlog\link.write.1.tlog
c:\users\ivann\source\repos\prototype_model\prototype_model\x64\debug\prototype_model.tlog\metagen.read.1.tlog
c:\users\ivann\source\repos\prototype_model\prototype_model\x64\debug\prototype_model.tlog\metagen.write.1.tlog
c:\users\ivann\source\repos\prototype_model\prototype_model\x64\debug\prototype_model.tlog\resgen.command.1.tlog
c:\users\ivann\source\repos\prototype_model\prototype_model\x64\debug\prototype_model.tlog\resgen.read.1.tlog
c:\users\ivann\source\repos\prototype_model\prototype_model\x64\debug\prototype_model.tlog\resgen.write.1.tlog
